<?xml version="1.0" encoding="UTF-8"?>
<testng-results skipped="0" failed="0" ignored="0" total="1" passed="1">
  <reporter-output>
    <line>
      <![CDATA[PASSEDinvalidLogin]]>
    </line>
  </reporter-output>
  <suite name="Default suite" duration-ms="167683" started-at="2020-08-24T18:36:46 IST" finished-at="2020-08-24T18:39:33 IST">
    <groups>
    </groups>
    <test name="Default test" duration-ms="167683" started-at="2020-08-24T18:36:46 IST" finished-at="2020-08-24T18:39:33 IST">
      <class name="testcases.Testcase2">
        <test-method status="PASS" signature="openApp()[pri:0, instance:testcases.Testcase2@3fd7a715]" name="openApp" is-config="true" duration-ms="140012" started-at="2020-08-24T18:36:46 IST" finished-at="2020-08-24T18:39:06 IST">
          <reporter-output>
          </reporter-output>
        </test-method> <!-- openApp -->
        <test-method status="PASS" signature="invalidLogin()[pri:0, instance:testcases.Testcase2@3fd7a715]" name="invalidLogin" duration-ms="24923" started-at="2020-08-24T18:39:06 IST" finished-at="2020-08-24T18:39:31 IST">
          <reporter-output>
          </reporter-output>
        </test-method> <!-- invalidLogin -->
        <test-method status="PASS" signature="closeApp(org.testng.ITestResult)[pri:0, instance:testcases.Testcase2@3fd7a715]" name="closeApp" is-config="true" duration-ms="2631" started-at="2020-08-24T18:39:31 IST" finished-at="2020-08-24T18:39:33 IST">
          <params>
            <param index="0">
              <value>
                <![CDATA[[TestResult name=invalidLogin status=SUCCESS method=Testcase2.invalidLogin()[pri:0, instance:testcases.Testcase2@3fd7a715] output={null}]]]>
              </value>
            </param>
          </params>
          <reporter-output>
            <line>
              <![CDATA[PASSEDinvalidLogin]]>
            </line>
          </reporter-output>
        </test-method> <!-- closeApp -->
      </class> <!-- testcases.Testcase2 -->
    </test> <!-- Default test -->
  </suite> <!-- Default suite -->
</testng-results>
